<?xml version="1.0" encoding="UTF-8"?>
<!-- Generated by org.testng.reporters.JUnitReportReporter -->
<testsuite hostname="DESKTOP-ESI5V6T" failures="0" tests="2" name="testRunner.Cst_Runner" time="26.156" errors="0" timestamp="2024-08-27T17:23:20 IST" skipped="0">
  <testcase classname="testRunner.Cst_Runner" name="runScenario" time="19.888"/>
  <testcase classname="testRunner.Cst_Runner" name="runScenario" time="6.268"/>
</testsuite> <!-- testRunner.Cst_Runner -->
