<?xml version="1.0" encoding="UTF-8"?>
<!-- Generated by org.testng.reporters.JUnitReportReporter -->
<testsuite hostname="DESKTOP-ESI5V6T" failures="0" tests="4" name="runner.TestRunner" time="141.249" errors="0" timestamp="2024-09-17T18:36:37 IST" skipped="0">
  <testcase classname="runner.TestRunner" name="runScenario" time="24.172"/>
  <testcase classname="runner.TestRunner" name="runScenario" time="57.180"/>
  <testcase classname="runner.TestRunner" name="runScenario" time="48.420"/>
  <testcase classname="runner.TestRunner" name="runScenario" time="11.477"/>
</testsuite> <!-- runner.TestRunner -->
