<?xml version="1.0" encoding="UTF-8"?>
<!-- Generated by org.testng.reporters.JUnitReportReporter -->
<testsuite hostname="DESKTOP-ESI5V6T" failures="0" tests="1" name="runner.TestRunner" time="61.274" errors="0" timestamp="2024-09-15T00:07:47 IST" skipped="0">
  <testcase classname="runner.TestRunner" name="runScenario" time="61.274"/>
</testsuite> <!-- runner.TestRunner -->
