<?xml version="1.0" encoding="UTF-8"?>
<!-- Generated by org.testng.reporters.JUnitReportReporter -->
<testsuite hostname="DESKTOP-ESI5V6T" failures="0" tests="4" name="runner.TestRunner" time="203.900" errors="0" timestamp="2024-09-15T23:43:21 IST" skipped="0">
  <testcase classname="runner.TestRunner" name="runScenario" time="19.781"/>
  <testcase classname="runner.TestRunner" name="runScenario" time="11.203"/>
  <testcase classname="runner.TestRunner" name="runScenario" time="72.067"/>
  <testcase classname="runner.TestRunner" name="runScenario" time="100.849"/>
</testsuite> <!-- runner.TestRunner -->
